<?xml version="1.0" encoding="UTF-8"?>
<!-- Generated by org.testng.reporters.JUnitXMLReporter -->
<testsuite ignored="0" hostname="Ujjvals-MBP.ht.home" failures="0" tests="5" name="Default test" time="0.039" errors="0" timestamp="22 Mar. 2022 20:33:20 GMT">
  <testcase classname="TestngDay2.PriorityTest" name="dtest" time="0.01"/>
  <testcase classname="TestngDay2.PriorityTest" name="etest" time="0.002"/>
  <testcase classname="TestngDay2.PriorityTest" name="btest" time="0.002"/>
  <testcase classname="TestngDay2.PriorityTest" name="ctest" time="0.0"/>
  <testcase classname="TestngDay2.PriorityTest" name="atest" time="0.002"/>
</testsuite> <!-- Default test -->
