<?xml version="1.0" encoding="UTF-8"?>
<!-- Generated by org.testng.reporters.JUnitXMLReporter -->
<testsuite ignored="0" hostname="Ujjvals-MBP.ht.home" failures="0" tests="3" name="AmzoneTest" time="7.879" errors="0" timestamp="22 Mar. 2022 20:30:38 GMT">
  <testcase classname="TestngDay1.AmzoneTest" name="titleTest" time="3.117"/>
  <testcase classname="TestngDay1.AmzoneTest" name="urlTest" time="0.015"/>
  <testcase classname="TestngDay1.AmzoneTest" name="serchTest" time="0.171"/>
</testsuite> <!-- AmzoneTest -->
