<?xml version="1.0" encoding="UTF-8"?>
<!-- Generated by org.testng.reporters.JUnitXMLReporter -->
<testsuite ignored="0" hostname="Ujjvals-MBP.ht.home" failures="0" tests="5" name="OpenCartTest" time="17.101" errors="0" timestamp="22 Mar. 2022 20:30:55 GMT">
  <testcase classname="TestngDay1.DemoOpenCartTest" name="afflilateInformation" time="1.303"/>
  <testcase classname="TestngDay1.DemoOpenCartTest" name="changePassword" time="0.029"/>
  <testcase classname="TestngDay1.DemoOpenCartTest" name="orderHistory" time="0.549"/>
  <testcase classname="TestngDay1.DemoOpenCartTest" name="serchTest" time="0.05"/>
  <testcase classname="TestngDay1.DemoOpenCartTest" name="titleTest" time="0.011"/>
</testsuite> <!-- OpenCartTest -->
