<?xml version="1.0" encoding="UTF-8"?>
<testng-results ignored="0" total="5" passed="5" failed="0" skipped="0">
  <reporter-output>
  </reporter-output>
  <suite started-at="2022-03-22T20:33:20Z" name="Default suite" finished-at="2022-03-22T20:33:20Z" duration-ms="39">
    <groups>
    </groups>
    <test started-at="2022-03-22T20:33:20Z" name="Default test" finished-at="2022-03-22T20:33:20Z" duration-ms="39">
      <class name="TestngDay2.PriorityTest">
        <test-method signature="dtest()[pri:0, instance:TestngDay2.PriorityTest@1f53a5dc]" started-at="2022-03-22T20:33:20Z" name="dtest" finished-at="2022-03-22T20:33:20Z" duration-ms="10" status="PASS">
          <reporter-output>
          </reporter-output>
        </test-method> <!-- dtest -->
        <test-method signature="etest()[pri:0, instance:TestngDay2.PriorityTest@1f53a5dc]" started-at="2022-03-22T20:33:20Z" name="etest" finished-at="2022-03-22T20:33:20Z" duration-ms="2" status="PASS">
          <reporter-output>
          </reporter-output>
        </test-method> <!-- etest -->
        <test-method signature="btest()[pri:1, instance:TestngDay2.PriorityTest@1f53a5dc]" started-at="2022-03-22T20:33:20Z" name="btest" finished-at="2022-03-22T20:33:20Z" duration-ms="2" status="PASS">
          <reporter-output>
          </reporter-output>
        </test-method> <!-- btest -->
        <test-method signature="ctest()[pri:2, instance:TestngDay2.PriorityTest@1f53a5dc]" started-at="2022-03-22T20:33:20Z" name="ctest" finished-at="2022-03-22T20:33:20Z" duration-ms="0" status="PASS">
          <reporter-output>
          </reporter-output>
        </test-method> <!-- ctest -->
        <test-method signature="atest()[pri:97, instance:TestngDay2.PriorityTest@1f53a5dc]" started-at="2022-03-22T20:33:20Z" name="atest" finished-at="2022-03-22T20:33:20Z" duration-ms="2" status="PASS">
          <reporter-output>
          </reporter-output>
        </test-method> <!-- atest -->
      </class> <!-- TestngDay2.PriorityTest -->
    </test> <!-- Default test -->
  </suite> <!-- Default suite -->
</testng-results>
